<?xml version="1.0" encoding="UTF-8"?>
<testng-results ignored="0" total="1" passed="1" failed="0" skipped="0">
  <reporter-output>
  </reporter-output>
  <suite started-at="2021-10-12T15:25:12 IST" name="Default suite" finished-at="2021-10-12T15:25:13 IST" duration-ms="1395">
    <groups>
      <group name="cucumber">
        <method signature="AbstractTestNGCucumberTests.runScenario(io.cucumber.testng.PickleWrapper, io.cucumber.testng.FeatureWrapper)[pri:0, instance:Com.runner.TestRunnerTestNG@20f5239f]" name="runScenario" class="io.cucumber.testng.AbstractTestNGCucumberTests"/>
      </group> <!-- cucumber -->
    </groups>
    <test started-at="2021-10-12T15:25:12 IST" name="Default test" finished-at="2021-10-12T15:25:13 IST" duration-ms="1395">
      <class name="Com.runner.TestRunnerTestNG">
        <test-method is-config="true" signature="setUpClass()[pri:0, instance:Com.runner.TestRunnerTestNG@20f5239f]" started-at="2021-10-12T15:25:12 IST" name="setUpClass" finished-at="2021-10-12T15:25:13 IST" duration-ms="810" status="PASS">
          <reporter-output>
          </reporter-output>
        </test-method> <!-- setUpClass -->
        <test-method signature="runScenario(io.cucumber.testng.PickleWrapper, io.cucumber.testng.FeatureWrapper)[pri:0, instance:Com.runner.TestRunnerTestNG@20f5239f]" started-at="2021-10-12T15:25:13 IST" name="runScenario" description="Runs Cucumber Scenarios" data-provider="scenarios" finished-at="2021-10-12T15:25:13 IST" duration-ms="454" status="PASS">
          <params>
            <param index="0">
              <value>
                <![CDATA["Home Page default Login"]]>
              </value>
            </param>
            <param index="1">
              <value>
                <![CDATA["Optional[Application Login]"]]>
              </value>
            </param>
          </params>
          <reporter-output>
          </reporter-output>
        </test-method> <!-- runScenario -->
        <test-method is-config="true" signature="tearDownClass()[pri:0, instance:Com.runner.TestRunnerTestNG@20f5239f]" started-at="2021-10-12T15:25:13 IST" name="tearDownClass" finished-at="2021-10-12T15:25:13 IST" duration-ms="27" status="PASS">
          <reporter-output>
          </reporter-output>
        </test-method> <!-- tearDownClass -->
      </class> <!-- Com.runner.TestRunnerTestNG -->
    </test> <!-- Default test -->
  </suite> <!-- Default suite -->
</testng-results>
